<?xml version="1.0" encoding="UTF-8"?>
<!-- Generated by org.testng.reporters.JUnitXMLReporter -->
<testsuite ignored="0" hostname="Tyson" failures="1" tests="3" name="Test" time="10.926" errors="0" timestamp="2026-03-28T21:49:26 IST">
  <testcase classname="Day46.OrangeHrm" name="testlogo" time="0.057"/>
  <testcase classname="Day46.OrangeHrm" name="testAppurl" time="0.013">
    <failure type="java.lang.AssertionError" message="expected [https://opensource-demo.orangehrmlive.com] but found [https://opensource-demo.orangehrmlive.com/web/index.php/auth/login]">
      <![CDATA[java.lang.AssertionError: expected [https://opensource-demo.orangehrmlive.com] but found [https://opensource-demo.orangehrmlive.com/web/index.php/auth/login]
at Day46.OrangeHrm.testAppurl(OrangeHrm.java:32)
at java.base/java.util.ArrayList.forEach(ArrayList.java:1596)
... Removed 31 stack frames]]>
    </failure>
  </testcase> <!-- testAppurl -->
  <testcase classname="Day46.OrangeHrm" name="testhomepagetitle" time="0.0">
    <skipped/>
  </testcase> <!-- testhomepagetitle -->
</testsuite> <!-- Test -->
