<?xml version="1.0" encoding="UTF-8"?>
<testng-results ignored="0" total="1" passed="1" failed="0" skipped="0">
  <reporter-output>
  </reporter-output>
  <suite started-at="2026-06-02T14:54:59 IST" name="Default suite" finished-at="2026-06-02T14:55:41 IST" duration-ms="41867">
    <groups>
    </groups>
    <test started-at="2026-06-02T14:54:59 IST" name="Default test" finished-at="2026-06-02T14:55:41 IST" duration-ms="41867">
      <class name="tests.ProductTest">
        <test-method is-config="true" signature="setup()[pri:0, instance:tests.ProductTest@71d44a3]" started-at="2026-06-02T14:54:59 IST" name="setup" finished-at="2026-06-02T14:55:05 IST" duration-ms="5479" status="PASS">
          <reporter-output>
          </reporter-output>
        </test-method> <!-- setup -->
        <test-method signature="verifyProductFlow()[pri:0, instance:tests.ProductTest@71d44a3]" started-at="2026-06-02T14:55:05 IST" name="verifyProductFlow" finished-at="2026-06-02T14:55:41 IST" duration-ms="35972" status="PASS">
          <reporter-output>
          </reporter-output>
        </test-method> <!-- verifyProductFlow -->
        <test-method is-config="true" signature="tearDown()[pri:0, instance:tests.ProductTest@71d44a3]" started-at="2026-06-02T14:55:41 IST" name="tearDown" finished-at="2026-06-02T14:55:41 IST" duration-ms="367" status="PASS">
          <reporter-output>
          </reporter-output>
        </test-method> <!-- tearDown -->
      </class> <!-- tests.ProductTest -->
    </test> <!-- Default test -->
  </suite> <!-- Default suite -->
</testng-results>
