<?xml version="1.0" encoding="UTF-8"?>
<!-- Generated by org.testng.reporters.JUnitXMLReporter -->
<testsuite ignored="0" hostname="Tyson" failures="0" tests="1" name="Login Tests" time="8.937" errors="0" timestamp="2026-04-18T15:40:10 IST">
  <testcase classname="Saucedemobase.Basetest" name="@BeforeMethod setup" time="8.85">
    <failure type="java.lang.NullPointerException" message="Cannot invoke &amp;quot;com.aventstack.extentreports.ExtentReports.createTest(String)&amp;quot; because &amp;quot;this.extent&amp;quot; is null">
      <![CDATA[java.lang.NullPointerException: Cannot invoke "com.aventstack.extentreports.ExtentReports.createTest(String)" because "this.extent" is null
at Saucedemobase.Basetest.setup(Basetest.java:51)
at java.base/java.util.ArrayList.forEach(ArrayList.java:1596)
... Removed 29 stack frames]]>
    </failure>
  </testcase> <!-- @BeforeMethod setup -->
  <testcase classname="Saucedemobase.Basetest" name="@AfterMethod result" time="0.0">
    <skipped/>
  </testcase> <!-- @AfterMethod result -->
  <testcase classname="Saucedemotestcases.Logintest" name="validLogin" time="0.0">
    <skipped/>
  </testcase> <!-- validLogin -->
</testsuite> <!-- Login Tests -->
