<?xml version="1.0" encoding="UTF-8"?>
<!-- Generated by org.testng.reporters.JUnitXMLReporter -->
<testsuite ignored="0" hostname="Tyson" failures="2" tests="2" name="Product Tests" time="35.029" errors="0" timestamp="2026-04-18T15:40:45 IST">
  <testcase classname="Saucedemotestcases.Productsverifytest" name="verifySearch_NoResults" time="10.622">
    <failure type="java.lang.AssertionError" message="expected [true] but found [false]">
      <![CDATA[java.lang.AssertionError: expected [true] but found [false]
at Saucedemotestcases.Productsverifytest.verifySearch_NoResults(Productsverifytest.java:19)
at java.base/java.util.ArrayList.forEach(ArrayList.java:1596)
... Removed 29 stack frames]]>
    </failure>
  </testcase> <!-- verifySearch_NoResults -->
  <testcase classname="Saucedemotestcases.Productsverifytest" name="verifySearch_WithResults" time="10.448">
    <failure type="java.lang.AssertionError" message="expected [true] but found [false]">
      <![CDATA[java.lang.AssertionError: expected [true] but found [false]
at Saucedemotestcases.Productsverifytest.verifySearch_WithResults(Productsverifytest.java:30)
at java.base/java.util.ArrayList.forEach(ArrayList.java:1596)
... Removed 29 stack frames]]>
    </failure>
  </testcase> <!-- verifySearch_WithResults -->
</testsuite> <!-- Product Tests -->
