<?xml version="1.0" encoding="UTF-8"?>
<!-- Generated by org.testng.reporters.JUnitXMLReporter -->
<testsuite ignored="2" hostname="Tyson" failures="0" tests="10" name="Search Tests" time="66.961" errors="0" timestamp="2026-04-18T15:15:52 IST">
  <testcase classname="Saucedemobase.Basetest" name="@BeforeMethod setup" time="6.683">
    <failure type="java.lang.NullPointerException" message="Cannot invoke &amp;quot;com.aventstack.extentreports.ExtentReports.createTest(String)&amp;quot; because &amp;quot;this.extent&amp;quot; is null">
      <![CDATA[java.lang.NullPointerException: Cannot invoke "com.aventstack.extentreports.ExtentReports.createTest(String)" because "this.extent" is null
at Saucedemobase.Basetest.setup(Basetest.java:51)
at java.base/java.util.ArrayList.forEach(ArrayList.java:1596)
... Removed 29 stack frames]]>
    </failure>
  </testcase> <!-- @BeforeMethod setup -->
  <testcase classname="Saucedemobase.Basetest" name="@AfterMethod result" time="0.0">
    <skipped/>
  </testcase> <!-- @AfterMethod result -->
  <testcase classname="Saucedemobase.Basetest" name="@BeforeMethod setup" time="0.0">
    <skipped/>
  </testcase> <!-- @BeforeMethod setup -->
  <testcase classname="Saucedemobase.Basetest" name="@AfterMethod result" time="0.0">
    <skipped/>
  </testcase> <!-- @AfterMethod result -->
  <testcase classname="Saucedemotestcases.Logintest" name="emailEmptyTest" time="0.426"/>
  <testcase classname="Saucedemotestcases.Logintest" name="emptyFieldsTest" time="0.253"/>
  <testcase classname="Saucedemotestcases.Logintest" name="invalidCredentialsTest" time="0.573"/>
  <testcase classname="Saucedemotestcases.Logintest" name="invalidEmailTest" time="0.584"/>
  <testcase classname="Saucedemotestcases.Logintest" name="passwordEmptyTest" time="0.428"/>
  <testcase classname="Saucedemotestcases.Logintest" name="rememberMeTest" time="0.643"/>
  <testcase classname="Saucedemotestcases.Logintest" name="validLogin" time="0.632"/>
  <testcase classname="Saucedemotestcases.Logintest" name="wrongPasswordTest" time="0.555"/>
  <testcase classname="Saucedemotestcases.Productsverifytest" name="verifySearch_NoResults" time="0.0">
    <skipped/>
  </testcase> <!-- verifySearch_NoResults -->
  <testcase classname="Saucedemotestcases.Productsverifytest" name="verifySearch_WithResults" time="0.0">
    <skipped/>
  </testcase> <!-- verifySearch_WithResults -->
  <testcase classname="Saucedemobase.Basetest" name="@AfterSuite endReport" time="0.0">
    <ignored/>
  </testcase> <!-- @AfterSuite endReport -->
  <testcase classname="Saucedemobase.Basetest" name="@BeforeSuite startReport" time="0.0">
    <ignored/>
  </testcase> <!-- @BeforeSuite startReport -->
</testsuite> <!-- Search Tests -->
